# JRE version: OpenJDK Runtime Environment (8.0_191-b05) (build 1.8.0_191-b05)
# Java VM: OpenJDK 64-Bit Server VM (25.191-b05 mixed mode windows-amd64 compressed oops)
Heap:
 PSYoungGen      total 147968K, used 70359K [0x000000071b180000, 0x0000000725680000, 0x00000007c0000000)
  eden space 126976K, 55% used [0x000000071b180000,0x000000071f635ec0,0x0000000722d80000)
  from space 20992K, 0% used [0x0000000722d80000,0x0000000722d80000,0x0000000724200000)
  to   space 20992K, 0% used [0x0000000724200000,0x0000000724200000,0x0000000725680000)
 ParOldGen       total 285696K, used 142083K [0x00000005d1400000, 0x00000005e2b00000, 0x000000071b180000)
  object space 285696K, 49% used [0x00000005d1400000,0x00000005d9ec0f00,0x00000005e2b00000)
 Metaspace       used 26166K, capacity 26358K, committed 26624K, reserved 1073152K
  class space    used 3479K, capacity 3567K, committed 3584K, reserved 1048576K
GC Heap History (4 events):
Event: 6.773 GC heap before
{Heap before GC invocations=1 (full 0):
 PSYoungGen      total 147968K, used 126976K [0x000000071b180000, 0x0000000725680000, 0x00000007c0000000)
  eden space 126976K, 100% used [0x000000071b180000,0x0000000722d80000,0x0000000722d80000)
  from space 20992K, 0% used [0x0000000724200000,0x0000000724200000,0x0000000725680000)
  to   space 20992K, 0% used [0x0000000722d80000,0x0000000722d80000,0x0000000724200000)
 ParOldGen       total 338944K, used 131072K [0x00000005d1400000, 0x00000005e5f00000, 0x000000071b180000)
  object space 338944K, 38% used [0x00000005d1400000,0x00000005d9400010,0x00000005e5f00000)
 Metaspace       used 20903K, capacity 21052K, committed 21296K, reserved 1067008K
  class space    used 2815K, capacity 2886K, committed 2944K, reserved 1048576K
Event: 6.782 GC heap after
Heap after GC invocations=1 (full 0):
 PSYoungGen      total 147968K, used 11724K [0x000000071b180000, 0x0000000725680000, 0x00000007c0000000)
  eden space 126976K, 0% used [0x000000071b180000,0x000000071b180000,0x0000000722d80000)
  from space 20992K, 55% used [0x0000000722d80000,0x00000007238f3080,0x0000000724200000)
  to   space 20992K, 0% used [0x0000000724200000,0x0000000724200000,0x0000000725680000)
 ParOldGen       total 338944K, used 131088K [0x00000005d1400000, 0x00000005e5f00000, 0x000000071b180000)
  object space 338944K, 38% used [0x00000005d1400000,0x00000005d9404010,0x00000005e5f00000)
 Metaspace       used 20903K, capacity 21052K, committed 21296K, reserved 1067008K
  class space    used 2815K, capacity 2886K, committed 2944K, reserved 1048576K
}
Event: 6.782 GC heap before
{Heap before GC invocations=2 (full 1):
 PSYoungGen      total 147968K, used 11724K [0x000000071b180000, 0x0000000725680000, 0x00000007c0000000)
  eden space 126976K, 0% used [0x000000071b180000,0x000000071b180000,0x0000000722d80000)
  from space 20992K, 55% used [0x0000000722d80000,0x00000007238f3080,0x0000000724200000)
  to   space 20992K, 0% used [0x0000000724200000,0x0000000724200000,0x0000000725680000)
 ParOldGen       total 338944K, used 131088K [0x00000005d1400000, 0x00000005e5f00000, 0x000000071b180000)
  object space 338944K, 38% used [0x00000005d1400000,0x00000005d9404010,0x00000005e5f00000)
 Metaspace       used 20903K, capacity 21052K, committed 21296K, reserved 1067008K
  class space    used 2815K, capacity 2886K, committed 2944K, reserved 1048576K
Event: 6.802 GC heap after
Heap after GC invocations=2 (full 1):
 PSYoungGen      total 147968K, used 0K [0x000000071b180000, 0x0000000725680000, 0x00000007c0000000)
  eden space 126976K, 0% used [0x000000071b180000,0x000000071b180000,0x0000000722d80000)
  from space 20992K, 0% used [0x0000000722d80000,0x0000000722d80000,0x0000000724200000)
  to   space 20992K, 0% used [0x0000000724200000,0x0000000724200000,0x0000000725680000)
 ParOldGen       total 285696K, used 142083K [0x00000005d1400000, 0x00000005e2b00000, 0x000000071b180000)
  object space 285696K, 49% used [0x00000005d1400000,0x00000005d9ec0f00,0x00000005e2b00000)
 Metaspace       used 20903K, capacity 21052K, committed 21296K, reserved 1067008K
  class space    used 2815K, capacity 2886K, committed 2944K, reserved 1048576K
}

